<?xml version="1.0" encoding="UTF-8"?>
<!-- Generated by org.testng.reporters.JUnitXMLReporter -->
<testsuite hostname="ThankYouKrishna" ignored="0" name="SeleniumNovember" tests="5" failures="0" timestamp="2019-11-12T06:07:48 GMT" time="65.219" errors="0">
  <testcase name="googleLogoTest" time="0.896" classname="com.test.GoogleTest"/>
  <testcase name="googleTitleTest" time="0.011" classname="com.test.GoogleTest"/>
  <testcase name="mailLinkTest" time="0.101" classname="com.test.GoogleTest"/>
  <testcase name="test1" time="0.0" classname="com.test.GoogleTest"/>
  <testcase name="test2" time="0.0" classname="com.test.GoogleTest"/>
</testsuite> <!-- SeleniumNovember -->
