<?xml version="1.0" encoding="UTF-8"?>
<testng-results skipped="0" failed="0" ignored="0" total="8" passed="8">
  <reporter-output>
  </reporter-output>
  <suite name="TestNG session Test Automation Suite" duration-ms="54723" started-at="2019-11-13T06:50:15 GMT" finished-at="2019-11-13T06:51:09 GMT">
    <groups>
      <group name="test">
        <method signature="GoogleTest.test1()[pri:0, instance:com.test.GoogleTest@74650e52]" name="test1" class="com.test.GoogleTest"/>
        <method signature="GoogleTest.test2()[pri:0, instance:com.test.GoogleTest@74650e52]" name="test2" class="com.test.GoogleTest"/>
      </group> <!-- test -->
      <group name="google">
        <method signature="GoogleTest.googleLogoTest()[pri:0, instance:com.test.GoogleTest@74650e52]" name="googleLogoTest" class="com.test.GoogleTest"/>
        <method signature="GoogleTest.googleTitleTest()[pri:0, instance:com.test.GoogleTest@74650e52]" name="googleTitleTest" class="com.test.GoogleTest"/>
        <method signature="GoogleTest.mailLinkTest()[pri:0, instance:com.test.GoogleTest@74650e52]" name="mailLinkTest" class="com.test.GoogleTest"/>
      </group> <!-- google -->
    </groups>
    <test name="Different testng feature test" duration-ms="54723" started-at="2019-11-13T06:50:15 GMT" finished-at="2019-11-13T06:51:09 GMT">
      <class name="com.test.ExpectedExceptionsTest">
        <test-method status="PASS" signature="divison()[pri:0, instance:com.test.ExpectedExceptionsTest@6acdbdf5]" name="divison" duration-ms="1" started-at="2019-11-13T06:51:09 GMT" finished-at="2019-11-13T06:51:09 GMT">
          <exception class="java.lang.ArithmeticException">
            <message>
              <![CDATA[/ by zero]]>
            </message>
            <full-stacktrace>
              <![CDATA[java.lang.ArithmeticException: / by zero
at com.test.ExpectedExceptionsTest.divison(ExpectedExceptionsTest.java:10)
at sun.reflect.NativeMethodAccessorImpl.invoke0(Native Method)
at sun.reflect.NativeMethodAccessorImpl.invoke(NativeMethodAccessorImpl.java:62)
at sun.reflect.DelegatingMethodAccessorImpl.invoke(DelegatingMethodAccessorImpl.java:43)
at java.lang.reflect.Method.invoke(Method.java:498)
at org.testng.internal.MethodInvocationHelper.invokeMethod(MethodInvocationHelper.java:133)
at org.testng.internal.TestInvoker.invokeMethod(TestInvoker.java:584)
at org.testng.internal.TestInvoker.invokeTestMethod(TestInvoker.java:172)
at org.testng.internal.MethodRunner.runInSequence(MethodRunner.java:46)
at org.testng.internal.TestInvoker$MethodInvocationAgent.invoke(TestInvoker.java:804)
at org.testng.internal.TestInvoker.invokeTestMethods(TestInvoker.java:145)
at org.testng.internal.TestMethodWorker.invokeTestMethods(TestMethodWorker.java:146)
at org.testng.internal.TestMethodWorker.run(TestMethodWorker.java:128)
at java.util.ArrayList.forEach(ArrayList.java:1257)
at org.testng.TestRunner.privateRun(TestRunner.java:770)
at org.testng.TestRunner.run(TestRunner.java:591)
at org.testng.SuiteRunner.runTest(SuiteRunner.java:402)
at org.testng.SuiteRunner.runSequentially(SuiteRunner.java:396)
at org.testng.SuiteRunner.privateRun(SuiteRunner.java:355)
at org.testng.SuiteRunner.run(SuiteRunner.java:304)
at org.testng.SuiteRunnerWorker.runSuite(SuiteRunnerWorker.java:53)
at org.testng.SuiteRunnerWorker.run(SuiteRunnerWorker.java:96)
at org.testng.TestNG.runSuitesSequentially(TestNG.java:1180)
at org.testng.TestNG.runSuitesLocally(TestNG.java:1102)
at org.testng.TestNG.runSuites(TestNG.java:1032)
at org.testng.TestNG.run(TestNG.java:1000)
at org.testng.IDEARemoteTestNG.run(IDEARemoteTestNG.java:73)
at org.testng.RemoteTestNGStarter.main(RemoteTestNGStarter.java:123)
]]>
            </full-stacktrace>
          </exception> <!-- java.lang.ArithmeticException -->
          <reporter-output>
          </reporter-output>
        </test-method> <!-- divison -->
      </class> <!-- com.test.ExpectedExceptionsTest -->
      <class name="com.test.GoogleTest">
        <test-method status="PASS" signature="setUp()[pri:0, instance:com.test.GoogleTest@74650e52]" name="setUp" is-config="true" duration-ms="15510" started-at="2019-11-13T06:50:15 GMT" finished-at="2019-11-13T06:50:30 GMT">
          <reporter-output>
          </reporter-output>
        </test-method> <!-- setUp -->
        <test-method status="PASS" signature="googleLogoTest()[pri:0, instance:com.test.GoogleTest@74650e52]" name="googleLogoTest" duration-ms="518" started-at="2019-11-13T06:50:30 GMT" finished-at="2019-11-13T06:50:31 GMT">
          <reporter-output>
          </reporter-output>
        </test-method> <!-- googleLogoTest -->
        <test-method status="PASS" signature="tearDown()[pri:0, instance:com.test.GoogleTest@74650e52]" name="tearDown" is-config="true" duration-ms="736" started-at="2019-11-13T06:50:31 GMT" finished-at="2019-11-13T06:50:32 GMT">
          <reporter-output>
          </reporter-output>
        </test-method> <!-- tearDown -->
        <test-method status="PASS" signature="setUp()[pri:0, instance:com.test.GoogleTest@74650e52]" name="setUp" is-config="true" duration-ms="5667" started-at="2019-11-13T06:50:32 GMT" finished-at="2019-11-13T06:50:37 GMT">
          <reporter-output>
          </reporter-output>
        </test-method> <!-- setUp -->
        <test-method status="PASS" signature="googleTitleTest()[pri:0, instance:com.test.GoogleTest@74650e52]" name="googleTitleTest" duration-ms="17" started-at="2019-11-13T06:50:37 GMT" finished-at="2019-11-13T06:50:37 GMT">
          <reporter-output>
          </reporter-output>
        </test-method> <!-- googleTitleTest -->
        <test-method status="PASS" signature="tearDown()[pri:0, instance:com.test.GoogleTest@74650e52]" name="tearDown" is-config="true" duration-ms="756" started-at="2019-11-13T06:50:37 GMT" finished-at="2019-11-13T06:50:38 GMT">
          <reporter-output>
          </reporter-output>
        </test-method> <!-- tearDown -->
        <test-method status="PASS" signature="setUp()[pri:0, instance:com.test.GoogleTest@74650e52]" name="setUp" is-config="true" duration-ms="5759" started-at="2019-11-13T06:50:38 GMT" finished-at="2019-11-13T06:50:44 GMT">
          <reporter-output>
          </reporter-output>
        </test-method> <!-- setUp -->
        <test-method status="PASS" signature="mailLinkTest()[pri:0, instance:com.test.GoogleTest@74650e52]" name="mailLinkTest" duration-ms="127" started-at="2019-11-13T06:50:44 GMT" finished-at="2019-11-13T06:50:44 GMT">
          <reporter-output>
          </reporter-output>
        </test-method> <!-- mailLinkTest -->
        <test-method status="PASS" signature="tearDown()[pri:0, instance:com.test.GoogleTest@74650e52]" name="tearDown" is-config="true" duration-ms="735" started-at="2019-11-13T06:50:44 GMT" finished-at="2019-11-13T06:50:45 GMT">
          <reporter-output>
          </reporter-output>
        </test-method> <!-- tearDown -->
        <test-method status="PASS" signature="setUp()[pri:0, instance:com.test.GoogleTest@74650e52]" name="setUp" is-config="true" duration-ms="5212" started-at="2019-11-13T06:50:45 GMT" finished-at="2019-11-13T06:50:50 GMT">
          <reporter-output>
          </reporter-output>
        </test-method> <!-- setUp -->
        <test-method status="PASS" signature="test1()[pri:0, instance:com.test.GoogleTest@74650e52]" name="test1" duration-ms="1" started-at="2019-11-13T06:50:50 GMT" finished-at="2019-11-13T06:50:50 GMT">
          <reporter-output>
          </reporter-output>
        </test-method> <!-- test1 -->
        <test-method status="PASS" signature="tearDown()[pri:0, instance:com.test.GoogleTest@74650e52]" name="tearDown" is-config="true" duration-ms="736" started-at="2019-11-13T06:50:50 GMT" finished-at="2019-11-13T06:50:51 GMT">
          <reporter-output>
          </reporter-output>
        </test-method> <!-- tearDown -->
        <test-method status="PASS" signature="setUp()[pri:0, instance:com.test.GoogleTest@74650e52]" name="setUp" is-config="true" duration-ms="5172" started-at="2019-11-13T06:50:51 GMT" finished-at="2019-11-13T06:50:56 GMT">
          <reporter-output>
          </reporter-output>
        </test-method> <!-- setUp -->
        <test-method status="PASS" signature="test2()[pri:0, instance:com.test.GoogleTest@74650e52]" name="test2" duration-ms="1" started-at="2019-11-13T06:50:56 GMT" finished-at="2019-11-13T06:50:56 GMT">
          <reporter-output>
          </reporter-output>
        </test-method> <!-- test2 -->
        <test-method status="PASS" signature="tearDown()[pri:0, instance:com.test.GoogleTest@74650e52]" name="tearDown" is-config="true" duration-ms="736" started-at="2019-11-13T06:50:56 GMT" finished-at="2019-11-13T06:50:56 GMT">
          <reporter-output>
          </reporter-output>
        </test-method> <!-- tearDown -->
      </class> <!-- com.test.GoogleTest -->
      <class name="com.test.GoogleTitleAssertionTest">
        <test-method status="PASS" signature="setUp()[pri:0, instance:com.test.GoogleTitleAssertionTest@15d0c81b]" name="setUp" is-config="true" duration-ms="6166" started-at="2019-11-13T06:50:56 GMT" finished-at="2019-11-13T06:51:03 GMT">
          <reporter-output>
          </reporter-output>
        </test-method> <!-- setUp -->
        <test-method status="PASS" signature="googleLogoTest()[pri:0, instance:com.test.GoogleTitleAssertionTest@15d0c81b]" name="googleLogoTest" duration-ms="80" started-at="2019-11-13T06:51:03 GMT" finished-at="2019-11-13T06:51:03 GMT">
          <reporter-output>
          </reporter-output>
        </test-method> <!-- googleLogoTest -->
        <test-method status="PASS" signature="tearDown()[pri:0, instance:com.test.GoogleTitleAssertionTest@15d0c81b]" name="tearDown" is-config="true" duration-ms="869" started-at="2019-11-13T06:51:03 GMT" finished-at="2019-11-13T06:51:04 GMT">
          <reporter-output>
          </reporter-output>
        </test-method> <!-- tearDown -->
        <test-method status="PASS" signature="setUp()[pri:0, instance:com.test.GoogleTitleAssertionTest@15d0c81b]" name="setUp" is-config="true" duration-ms="5040" started-at="2019-11-13T06:51:04 GMT" finished-at="2019-11-13T06:51:09 GMT">
          <reporter-output>
          </reporter-output>
        </test-method> <!-- setUp -->
        <test-method status="PASS" signature="googleTitleTest()[pri:0, instance:com.test.GoogleTitleAssertionTest@15d0c81b]" name="googleTitleTest" duration-ms="18" started-at="2019-11-13T06:51:09 GMT" finished-at="2019-11-13T06:51:09 GMT">
          <reporter-output>
          </reporter-output>
        </test-method> <!-- googleTitleTest -->
        <test-method status="PASS" signature="tearDown()[pri:0, instance:com.test.GoogleTitleAssertionTest@15d0c81b]" name="tearDown" is-config="true" duration-ms="754" started-at="2019-11-13T06:51:09 GMT" finished-at="2019-11-13T06:51:09 GMT">
          <reporter-output>
          </reporter-output>
        </test-method> <!-- tearDown -->
      </class> <!-- com.test.GoogleTitleAssertionTest -->
    </test> <!-- Different testng feature test -->
  </suite> <!-- TestNG session Test Automation Suite -->
</testng-results>
